<?xml version="1.0" encoding="UTF-8"?>
<!-- Generated by org.testng.reporters.JUnitReportReporter -->
<testsuite skipped="0" hostname="Dileep" name="firstpackage.NewTest" tests="1" failures="0" timestamp="05 Oct 2018 11:22:41 GMT" time="11.944" errors="0">
  <testcase name="dateTimePicker" time="11.944" classname="firstpackage.NewTest"/>
</testsuite> <!-- firstpackage.NewTest -->
